<?xml version="1.0" encoding="UTF-8" ?>
<testsuite errors="0" failures="0" hostname="susan" name="org.netbeans.modules.compapp.catd.ConfiguredTest" tests="1"
           time="1.265" timestamp="2010-09-21T07:16:11">
  <properties>
[...]
</properties>
  <testcase classname="org.netbeans.modules.compapp.catd.ConfiguredTest" name="TestCase1" time="1.234"/>
  <system-out><![CDATA[GenerateATSOutput=${generate.ats.output}
NetBeansUserDir=D:\GlassFishESBv22\.netbeans\glassfishesb
awt.toolkit=sun.awt.windows.WToolkit
file.encoding=Cp1252
file.encoding.pkg=sun.io
file.separator=\
inDebug=${inDebug}
java.awt.graphicsenv=sun.awt.Win32GraphicsEnvironment
java.awt.printerjob=sun.awt.windows.WPrinterJob
java.class.path=D:\GlassFishESBv22\netbeans\soa2\modules\org-netbeans-modules-compapp-manager-jbi.jar;D:\GlassFishESBv22\netbeans\soa2\modules\org-netbeans-modules-compapp-projects-jbi.jar;D:\GlassFishESBv22\netbeans\soa2\modules\ext\jbi\jbi-admin-common.jar;D:\GlassFishESBv22\netbeans\soa2\modules\ext\jbi\catd.jar;D:\GlassFishESBv22\netbeans\java2\modules\ext\junit-3.8.2.jar;D:\GlassFishESBv22\netbeans\java2\modules\ext\jaxws21\api\saaj-api.jar;D:\GlassFishESBv22\netbeans\java2\modules\ext\jaxws21\saaj-impl.jar;D:\GlassFishESBv22\netbeans\java2\modules\ext\jaxws21\FastInfoset.jar;D:\GlassFishESBv22\netbeans\ide11\modules\org-netbeans-modules-editor-lib.jar;D:\GlassFishESBv22\netbeans\ide11\modules\org-netbeans-modules-editor.jar;D:\GlassFishESBv22\netbeans\ide11\modules\org-netbeans-modules-editor-util.jar;D:\GlassFishESBv22\netbeans\ide11\modules\org-netbeans-modules-editor-lib2.jar;D:\GlassFishESBv22\netbeans\ide11\modules\org-netbeans-modules-editor-indent.jar;D:\GlassFishESBv22\netbeans\ide11\modules\org-netbeans-modules-editor-plain.jar;D:\GlassFishESBv22\netbeans\ide11\modules\org-netbeans-modules-editor-plain-lib.jar;D:\GlassFishESBv22\netbeans\ide11\modules\org-netbeans-modules-editor-settings.jar;D:\GlassFishESBv22\netbeans\ide11\modules\org-netbeans-modules-editor-settings-storage.jar;D:\GlassFishESBv22\netbeans\ide11\modules\org-netbeans-modules-lexer.jar;D:\GlassFishESBv22\netbeans\ide11\modules\org-netbeans-modules-xml-core.jar;D:\GlassFishESBv22\netbeans\ide11\modules\org-netbeans-modules-xml-lexer.jar;D:\GlassFishESBv22\netbeans\ide11\modules\org-netbeans-modules-xml-text.jar;D:\GlassFishESBv22\netbeans\ide11\modules\org-netbeans-modules-xml-xdm.jar;D:\GlassFishESBv22\netbeans\ide11\modules\org-netbeans-modules-xml-xam.jar;D:\GlassFishESBv22\netbeans\ide11\modules\org-netbeans-modules-csl-api.jar;D:\GlassFishESBv22\netbeans\ide11\modules\ext\jaxb\activation.jar;D:\GlassFishESBv22\netbeans\platform10\lib\org-openide-modules.jar;D:\GlassFishESBv22\netbeans\platform10\lib\org-openide-util.jar;D:\GlassFishESBv22\netbeans\platform10\modules\org-openide-options.jar;D:\GlassFishESBv22\netbeans\platform10\modules\org-openide-text.jar;D:\GlassFishESBv22\netbeans\platform10\modules\org-openide-loaders.jar;D:\GlassFishESBv22\netbeans\platform10\modules\org-openide-nodes.jar;D:\GlassFishESBv22\netbeans\platform10\modules\org-netbeans-modules-editor-mimelookup.jar;D:\GlassFishESBv22\netbeans\platform10\modules\org-netbeans-modules-editor-mimelookup-impl.jar;D:\GlassFishESBv22\netbeans\platform10\core\org-openide-filesystems.jar;D:\Documents and Settings\mlui\My Documents\NetBeansProjects\JmsCAP;D:\Program Files\IBM\WebSphere MQ\Java\lib\providerutil.jar;D:\Program Files\IBM\WebSphere MQ\Java\lib\com.ibm.mqjms.jar;D:\Program Files\IBM\WebSphere MQ\Java\lib\ldap.jar;D:\Program Files\IBM\WebSphere MQ\Java\lib\jta.jar;D:\Program Files\IBM\WebSphere MQ\Java\lib\jndi.jar;D:\Program Files\IBM\WebSphere MQ\Java\lib\jms.jar;D:\Program Files\IBM\WebSphere MQ\Java\lib\connector.jar;D:\Program Files\IBM\WebSphere MQ\Java\lib\fscontext.jar;D:\Program Files\IBM\WebSphere MQ\Java\lib\com.ibm.mq.jar;D:\Program Files\Java\jre6\lib\ext\QTJava.zip;D:\GlassFishESBv22\netbeans\java2\ant\lib\ant-launcher.jar;D:\GlassFishESBv22\netbeans\java2\ant\lib\ant.jar;D:\GlassFishESBv22\netbeans\java2\ant\patches\72080.jar
java.class.version=50.0
java.endorsed.dirs=D:\jdk1.6.0_21\jre\lib\endorsed
java.ext.dirs=D:\jdk1.6.0_21\jre\lib\ext;D:\WINDOWS\Sun\Java\lib\ext
java.home=D:\jdk1.6.0_21\jre
java.io.tmpdir=D:\DOCUME~1\mlui\LOCALS~1\Temp\
java.library.path=D:\jdk1.6.0_21\jre\bin;.;D:\WINDOWS\Sun\Java\bin;D:\WINDOWS\system32;D:\WINDOWS;d:\ruby\bin;D:\Program Files\IBM\WebSphere MQ\Java\lib;D:\WINDOWS\system32;D:\WINDOWS;D:\WINDOWS\System32\Wbem;D:\Program Files\ATI Technologies\ATI Control Panel;D:\Program Files\IBM\WebSphere MQ\bin;D:\Program Files\IBM\WebSphere MQ\WEMPS\bin;D:\Program Files\QuickTime\QTSystem\;d:\ruby\bin;D:\Program Files\IBM\WebSphere MQ\Java\lib;D:\WINDOWS\system32;D:\WINDOWS;D:\WINDOWS\System32\Wbem;D:\Program Files\ATI Technologies\ATI Control Panel;D:\Program Files\IBM\WebSphere MQ\bin;D:\Program Files\IBM\WebSphere MQ\WEMPS\bin;D:\Program Files\QuickTime\QTSystem\;D:\jdk1.6.0_21\bin;C:\apache-ant-1.6.5\bin;C:\svn-win32-1.4.0\bin;D:\apache-maven-2.2.1\bin;D:\Program Files\MySQL\MySQL Server 5.0\bin
java.runtime.name=Java(TM) SE Runtime Environment
java.runtime.version=1.6.0_21-b07
java.specification.name=Java Platform API Specification
java.specification.vendor=Sun Microsystems Inc.
java.specification.version=1.6
java.vendor=Sun Microsystems Inc.
java.vendor.url=http://java.sun.com/
java.vendor.url.bug=http://java.sun.com/cgi-bin/bugreport.cgi
java.version=1.6.0_21
java.vm.info=mixed mode, sharing
java.vm.name=Java HotSpot(TM) Client VM
java.vm.specification.name=Java Virtual Machine Specification
java.vm.specification.vendor=Sun Microsystems Inc.
java.vm.specification.version=1.0
java.vm.vendor=Sun Microsystems Inc.
java.vm.version=17.0-b17
line.separator=

org.netbeans.modules.compapp.catd.context=
os.arch=x86
os.name=Windows XP
os.version=5.1
path.separator=;
sun.arch.data.model=32
sun.boot.class.path=D:\jdk1.6.0_21\jre\lib\resources.jar;D:\jdk1.6.0_21\jre\lib\rt.jar;D:\jdk1.6.0_21\jre\lib\sunrsasign.jar;D:\jdk1.6.0_21\jre\lib\jsse.jar;D:\jdk1.6.0_21\jre\lib\jce.jar;D:\jdk1.6.0_21\jre\lib\charsets.jar;D:\jdk1.6.0_21\jre\classes
sun.boot.library.path=D:\jdk1.6.0_21\jre\bin
sun.cpu.endian=little
sun.cpu.isalist=
sun.desktop=windows
sun.io.unicode.encoding=UnicodeLittle
sun.java.launcher=SUN_STANDARD
sun.jnu.encoding=Cp1252
sun.management.compiler=HotSpot Client Compiler
sun.os.patch.level=Service Pack 3
user.country=US
user.dir=D:\Documents and Settings\mlui\My Documents\NetBeansProjects\JmsCAP
user.home=D:\Documents and Settings\mlui
user.language=en
user.name=mlui
user.timezone=America/Los_Angeles
user.variant=
Test TestCase1\Concurrent.properties Passed. Threads count Success: <1> Error: <0> Not completed: <0>
]]></system-out>
  <system-err><![CDATA[Sep 21, 2010 12:16:12 AM org.netbeans.modules.csl.core.LanguageRegistry readSfs
INFO: No CslPlugins folder
]]></system-err>
</testsuite>
